<?xml version="1.0" encoding="UTF-8"?>
<!-- Generated by org.testng.reporters.JUnitXMLReporter -->
<testsuite ignored="0" hostname="DESKTOP-8AHQCVV" failures="1" tests="7" name="Surefire test" time="38.243" errors="0" timestamp="2026-01-05T15:00:30 IST">
  <testcase classname="testCases.TC001_AccountRegistrationTest" name="Register" time="3.754"/>
  <testcase classname="testCases.TC002_LoginTest" name="loginTest" time="5.742"/>
  <testcase classname="testCases.TC003_DataDriverLoginTest" name="dataDrivenLoginTest" time="1.92"/>
  <testcase classname="testCases.TC003_DataDriverLoginTest" name="dataDrivenLoginTest" time="2.998"/>
  <testcase classname="testCases.TC003_DataDriverLoginTest" name="dataDrivenLoginTest" time="3.338"/>
  <testcase classname="testCases.TC003_DataDriverLoginTest" name="dataDrivenLoginTest" time="2.92"/>
  <testcase classname="testCases.TC003_DataDriverLoginTest" name="dataDrivenLoginTest" time="2.628">
    <failure type="java.lang.AssertionError" message="Login should be unsuccessful for Invalid data expected [false] but found [true]">
      <![CDATA[java.lang.AssertionError: Login should be unsuccessful for Invalid data expected [false] but found [true]
at testCases.TC003_DataDriverLoginTest.dataDrivenLoginTest(TC003_DataDriverLoginTest.java:36)
at java.base/java.util.ArrayList.forEach(ArrayList.java:1596)
... Removed 33 stack frames]]>
    </failure>
  </testcase> <!-- dataDrivenLoginTest -->
</testsuite> <!-- Surefire test -->
