<?xml version="1.0" encoding="UTF-8"?>
<testng-results ignored="0" total="1" passed="1" failed="0" skipped="0">
  <reporter-output>
  </reporter-output>
  <suite started-at="2025-12-23T17:02:58 IST" name="master" finished-at="2025-12-23T17:03:07 IST" duration-ms="9080">
    <groups>
    </groups>
    <test started-at="2025-12-23T17:02:58 IST" name="Test" finished-at="2025-12-23T17:03:07 IST" duration-ms="9080">
      <class name="testCases.TC002_LoginTest">
        <test-method is-config="true" signature="setup(java.lang.String,java.lang.String)[pri:0, instance:testCases.TC002_LoginTest@5143c662]" started-at="2025-12-23T17:02:58 IST" name="setup" finished-at="2025-12-23T17:03:05 IST" duration-ms="6694" status="PASS">
          <params>
            <param index="0">
              <value>
                <![CDATA[Windows]]>
              </value>
            </param>
            <param index="1">
              <value>
                <![CDATA[Chrome]]>
              </value>
            </param>
          </params>
          <reporter-output>
          </reporter-output>
        </test-method> <!-- setup -->
        <test-method signature="loginTest()[pri:0, instance:testCases.TC002_LoginTest@5143c662]" started-at="2025-12-23T17:03:05 IST" name="loginTest" finished-at="2025-12-23T17:03:07 IST" duration-ms="1903" status="PASS">
          <reporter-output>
          </reporter-output>
        </test-method> <!-- loginTest -->
        <test-method is-config="true" signature="tearDown()[pri:0, instance:testCases.TC002_LoginTest@5143c662]" started-at="2025-12-23T17:03:07 IST" name="tearDown" finished-at="2025-12-23T17:03:07 IST" duration-ms="233" status="PASS">
          <reporter-output>
          </reporter-output>
        </test-method> <!-- tearDown -->
      </class> <!-- testCases.TC002_LoginTest -->
    </test> <!-- Test -->
  </suite> <!-- master -->
</testng-results>
