<?xml version="1.0" encoding="UTF-8"?>
<testng-results ignored="0" total="2" passed="2" failed="0" skipped="0">
  <reporter-output>
  </reporter-output>
  <suite started-at="2025-12-17T17:57:24 IST" name="Grid Execution" finished-at="2025-12-17T17:57:50 IST" duration-ms="25700">
    <groups>
    </groups>
    <test started-at="2025-12-17T17:57:24 IST" name="ChromeTest" finished-at="2025-12-17T17:57:39 IST" duration-ms="14646">
      <class name="testCases.TC002_LoginTest">
        <test-method is-config="true" signature="setup(java.lang.String,java.lang.String)[pri:0, instance:testCases.TC002_LoginTest@6995bf68]" started-at="2025-12-17T17:57:24 IST" name="setup" finished-at="2025-12-17T17:57:35 IST" duration-ms="11230" status="PASS">
          <params>
            <param index="0">
              <value>
                <![CDATA[Linux]]>
              </value>
            </param>
            <param index="1">
              <value>
                <![CDATA[Chrome]]>
              </value>
            </param>
          </params>
          <reporter-output>
          </reporter-output>
        </test-method> <!-- setup -->
        <test-method signature="loginTest()[pri:0, instance:testCases.TC002_LoginTest@6995bf68]" started-at="2025-12-17T17:57:35 IST" name="loginTest" finished-at="2025-12-17T17:57:39 IST" duration-ms="3109" status="PASS">
          <reporter-output>
          </reporter-output>
        </test-method> <!-- loginTest -->
        <test-method is-config="true" signature="tearDown()[pri:0, instance:testCases.TC002_LoginTest@6995bf68]" started-at="2025-12-17T17:57:39 IST" name="tearDown" finished-at="2025-12-17T17:57:39 IST" duration-ms="250" status="PASS">
          <reporter-output>
          </reporter-output>
        </test-method> <!-- tearDown -->
      </class> <!-- testCases.TC002_LoginTest -->
    </test> <!-- ChromeTest -->
    <test started-at="2025-12-17T17:57:39 IST" name="Firefox Test" finished-at="2025-12-17T17:57:50 IST" duration-ms="10977">
      <class name="testCases.TC002_LoginTest">
        <test-method is-config="true" signature="setup(java.lang.String,java.lang.String)[pri:0, instance:testCases.TC002_LoginTest@8dbfffb]" started-at="2025-12-17T17:57:39 IST" name="setup" finished-at="2025-12-17T17:57:45 IST" duration-ms="6238" status="PASS">
          <params>
            <param index="0">
              <value>
                <![CDATA[Linux]]>
              </value>
            </param>
            <param index="1">
              <value>
                <![CDATA[firefox]]>
              </value>
            </param>
          </params>
          <reporter-output>
          </reporter-output>
        </test-method> <!-- setup -->
        <test-method signature="loginTest()[pri:0, instance:testCases.TC002_LoginTest@8dbfffb]" started-at="2025-12-17T17:57:45 IST" name="loginTest" finished-at="2025-12-17T17:57:48 IST" duration-ms="3232" status="PASS">
          <reporter-output>
          </reporter-output>
        </test-method> <!-- loginTest -->
        <test-method is-config="true" signature="tearDown()[pri:0, instance:testCases.TC002_LoginTest@8dbfffb]" started-at="2025-12-17T17:57:48 IST" name="tearDown" finished-at="2025-12-17T17:57:50 IST" duration-ms="1491" status="PASS">
          <reporter-output>
          </reporter-output>
        </test-method> <!-- tearDown -->
      </class> <!-- testCases.TC002_LoginTest -->
    </test> <!-- Firefox Test -->
  </suite> <!-- Grid Execution -->
</testng-results>
