<?xml version="1.0" encoding="UTF-8"?>
<!-- Generated by org.testng.reporters.JUnitReportReporter -->
<testsuite hostname="DESKTOP-8AHQCVV" failures="0" tests="2" name="testCases.TC001_AccountRegistrationTest" time="3.713" errors="0" timestamp="2025-12-23T18:28:21 IST" skipped="0">
  <testcase classname="testCases.TC001_AccountRegistrationTest" name="Register" time="1.932"/>
  <testcase classname="testCases.TC001_AccountRegistrationTest" name="Register" time="1.781"/>
</testsuite> <!-- testCases.TC001_AccountRegistrationTest -->
